d:\oop\project_lab5\project\project\x64\debug\vc143.pdb
d:\oop\project_lab5\project\project\x64\debug\vc143.idb
d:\oop\project_lab5\project\project\x64\debug\service.obj
d:\oop\project_lab5\project\project\x64\debug\repository.obj
d:\oop\project_lab5\project\project\x64\debug\product.obj
d:\oop\project_lab5\project\project\x64\debug\main.obj
d:\oop\project_lab5\project\project\x64\debug\console.obj
d:\oop\project_lab5\project\x64\debug\project.exe
d:\oop\project_lab5\project\project\x64\debug\project.ilk
d:\oop\project_lab5\project\x64\debug\project.pdb
d:\oop\project_lab5\project\project\x64\debug\console.nativecodeanalysis.xml
d:\oop\project_lab5\project\project\x64\debug\main.nativecodeanalysis.xml
d:\oop\project_lab5\project\project\x64\debug\product.nativecodeanalysis.xml
d:\oop\project_lab5\project\project\x64\debug\repository.nativecodeanalysis.xml
d:\oop\project_lab5\project\project\x64\debug\service.nativecodeanalysis.xml
d:\oop\project_lab5\project\project\x64\debug\vc.nativecodeanalysis.all.xml
d:\oop\project_lab5\project\project\x64\debug\project.tlog\cl.command.1.tlog
d:\oop\project_lab5\project\project\x64\debug\project.tlog\cl.read.1.tlog
d:\oop\project_lab5\project\project\x64\debug\project.tlog\cl.write.1.tlog
d:\oop\project_lab5\project\project\x64\debug\project.tlog\link.command.1.tlog
d:\oop\project_lab5\project\project\x64\debug\project.tlog\link.read.1.tlog
d:\oop\project_lab5\project\project\x64\debug\project.tlog\link.write.1.tlog
