[2022-03-20 15:40:03] [info] Start Program:
Path:"D:\Oop\project_lab2_4\Debug\project_lab2_4.exe"
Arguments:
Working directory: "D:\Oop\project_lab2_4\project_lab2_4\"
Modules: Selected: D:\Oop\project_lab2_4\Debug\project_lab2_4.exe Excluded: 
Sources: Selected: D:\Oop\project_lab2_4\project_lab2_4 Excluded: ui.c main.c 
Log Level: Normal
Cover Children: 0
Aggregate by file: 1
Continue after C++ exception: 0
Optimized build support: 0
Export: Binary C:\Users\bejan\AppData\Local\Temp\oir0zir0.1hf 
Input coverage: 
Unified diff: 
Excluded line regular expressions: 
Substitute pdb source paths: 

[2022-03-20 15:40:03] [info] Module: D:\Oop\project_lab2_4\Debug\project_lab2_4.exe is selected because it matches selected pattern: D:\Oop\project_lab2_4\Debug\project_lab2_4.exe
[2022-03-20 15:40:03] [info] ----------------------------------------------------
[2022-03-20 15:40:03] [info] Coverage binary generated in file: C:\Users\bejan\AppData\Local\Temp\oir0zir0.1hf
[2022-03-20 15:40:03] [info] ----------------------------------------------------
