d:\oop\project_lab2_4\project_lab2_4\debug\vc143.pdb
d:\oop\project_lab2_4\project_lab2_4\debug\vc143.idb
d:\oop\project_lab2_4\project_lab2_4\debug\ui.obj
d:\oop\project_lab2_4\project_lab2_4\debug\test.obj
d:\oop\project_lab2_4\project_lab2_4\debug\service.obj
d:\oop\project_lab2_4\project_lab2_4\debug\repository.obj
d:\oop\project_lab2_4\project_lab2_4\debug\main.obj
d:\oop\project_lab2_4\project_lab2_4\debug\dynamicarray.obj
d:\oop\project_lab2_4\project_lab2_4\debug\domain.obj
d:\oop\project_lab2_4\debug\project_lab2_4.exe
d:\oop\project_lab2_4\project_lab2_4\debug\project_lab2_4.ilk
d:\oop\project_lab2_4\debug\project_lab2_4.pdb
d:\oop\project_lab2_4\project_lab2_4\debug\domain.nativecodeanalysis.xml
d:\oop\project_lab2_4\project_lab2_4\debug\dynamicarray.nativecodeanalysis.xml
d:\oop\project_lab2_4\project_lab2_4\debug\main.nativecodeanalysis.xml
d:\oop\project_lab2_4\project_lab2_4\debug\repository.nativecodeanalysis.xml
d:\oop\project_lab2_4\project_lab2_4\debug\service.nativecodeanalysis.xml
d:\oop\project_lab2_4\project_lab2_4\debug\test.nativecodeanalysis.xml
d:\oop\project_lab2_4\project_lab2_4\debug\ui.nativecodeanalysis.xml
d:\oop\project_lab2_4\project_lab2_4\debug\vc.nativecodeanalysis.all.xml
d:\oop\project_lab2_4\project_lab2_4\debug\project_lab2_4.tlog\cl.command.1.tlog
d:\oop\project_lab2_4\project_lab2_4\debug\project_lab2_4.tlog\cl.read.1.tlog
d:\oop\project_lab2_4\project_lab2_4\debug\project_lab2_4.tlog\cl.write.1.tlog
d:\oop\project_lab2_4\project_lab2_4\debug\project_lab2_4.tlog\link.command.1.tlog
d:\oop\project_lab2_4\project_lab2_4\debug\project_lab2_4.tlog\link.read.1.tlog
d:\oop\project_lab2_4\project_lab2_4\debug\project_lab2_4.tlog\link.write.1.tlog
